Watching for file changes with StatReloader
Waiting for apps ready_event.
Main Django thread has terminated before apps are ready.
Apps ready_event triggered. Sending autoreload_started signal.
Watching dir C:\Users\abbas\PycharmProjects\PowerGrow\templates with glob **/*.
File C:\Users\abbas\PycharmProjects\PowerGrow\venv\Lib\site-packages\django\utils\connection.py first seen with mtime 1721411983.4819162
File C:\Users\abbas\AppData\Local\Programs\Python\Python39\Lib\subprocess.py first seen with mtime 1652793310.0
File C:\Users\abbas\PycharmProjects\PowerGrow\venv\Lib\site-packages\django\templatetags\l10n.py first seen with mtime 1721411983.4564836
File C:\Users\abbas\AppData\Local\Programs\Python\Python39\Lib\fnmatch.py first seen with mtime 1652793310.0
File C:\Users\abbas\PycharmProjects\PowerGrow\venv\Lib\site-packages\django\db\models\fields\mixins.py first seen with mtime 1721411983.2213802
File C:\Users\abbas\PycharmProjects\PowerGrow\venv\Lib\site-packages\django\contrib\auth\apps.py first seen with mtime 1721411979.8446927
File C:\Users\abbas\PycharmProjects\PowerGrow\venv\Lib\site-packages\django\core\handlers\wsgi.py first seen with mtime 1721411983.0831826
File C:\Users\abbas\PycharmProjects\PowerGrow\venv\Lib\site-packages\django\db\models\expressions.py first seen with mtime 1721411983.2080567
File C:\Users\abbas\PycharmProjects\PowerGrow\venv\Lib\site-packages\django\views\debug.py first seen with mtime 1721411983.5262883
File C:\Users\abbas\PycharmProjects\PowerGrow\venv\Lib\site-packages\django\contrib\contenttypes\management\__init__.py first seen with mtime 1721411980.4640539
File C:\Users\abbas\PycharmProjects\PowerGrow\venv\Lib\site-packages\django\template\autoreload.py first seen with mtime 1721411983.427505
File C:\Users\abbas\PycharmProjects\PowerGrow\venv\Lib\site-packages\django\utils\timesince.py first seen with mtime 1721411983.5118504
File C:\Users\abbas\PycharmProjects\PowerGrow\venv\Lib\site-packages\django\db\models\fields\proxy.py first seen with mtime 1721411983.2224383
File C:\Users\abbas\AppData\Local\Programs\Python\Python39\DLLs\unicodedata.pyd first seen with mtime 1652793364.0
File C:\Users\abbas\PycharmProjects\PowerGrow\venv\Lib\site-packages\django\core\mail\__init__.py first seen with mtime 1721411983.084241
File C:\Users\abbas\PycharmProjects\PowerGrow\venv\Lib\site-packages\django\apps\config.py first seen with mtime 1721411978.5778978
File C:\Users\abbas\PycharmProjects\PowerGrow\venv\Lib\site-packages\django\utils\dateparse.py first seen with mtime 1721411983.485855
File C:\Users\abbas\PycharmProjects\PowerGrow\venv\Lib\site-packages\django\contrib\staticfiles\__init__.py first seen with mtime 1721411983.021913
File C:\Users\abbas\PycharmProjects\PowerGrow\venv\Lib\site-packages\django\core\serializers\base.py first seen with mtime 1721411983.1215563
File C:\Users\abbas\AppData\Local\Programs\Python\Python39\Lib\json\decoder.py first seen with mtime 1652793310.0
File C:\Users\abbas\PycharmProjects\PowerGrow\venv\Lib\site-packages\django\templatetags\__init__.py first seen with mtime 1721411983.4529836
File C:\Users\abbas\PycharmProjects\PowerGrow\venv\Lib\site-packages\django\core\checks\urls.py first seen with mtime 1721411983.062559
File C:\Users\abbas\AppData\Local\Programs\Python\Python39\Lib\_compression.py first seen with mtime 1652793310.0
File C:\Users\abbas\PycharmProjects\PowerGrow\venv\Lib\site-packages\django\template\loaders\__init__.py first seen with mtime 1721411983.4476368
File C:\Users\abbas\AppData\Local\Programs\Python\Python39\Lib\opcode.py first seen with mtime 1652793310.0
File C:\Users\abbas\PycharmProjects\PowerGrow\venv\Lib\site-packages\django\utils\text.py first seen with mtime 1721411983.5108855
File C:\Users\abbas\AppData\Local\Programs\Python\Python39\Lib\asyncio\staggered.py first seen with mtime 1652793310.0
File C:\Users\abbas\PycharmProjects\PowerGrow\venv\Lib\site-packages\django\apps\registry.py first seen with mtime 1721411978.5778978
File C:\Users\abbas\PycharmProjects\PowerGrow\venv\Lib\site-packages\django\conf\locale\__init__.py first seen with mtime 1721411978.588305
File C:\Users\abbas\PycharmProjects\PowerGrow\venv\Lib\site-packages\django\db\models\indexes.py first seen with mtime 1721411983.209551
File C:\Users\abbas\AppData\Local\Programs\Python\Python39\Lib\datetime.py first seen with mtime 1652793310.0
File C:\Users\abbas\AppData\Local\Programs\Python\Python39\Lib\encodings\cp1252.py first seen with mtime 1652793310.0
File C:\Users\abbas\PycharmProjects\PowerGrow\venv\Lib\site-packages\django\utils\inspect.py first seen with mtime 1721411983.5003178
File C:\Users\abbas\PycharmProjects\PowerGrow\venv\Lib\site-packages\django\template\base.py first seen with mtime 1721411983.428505
File C:\Users\abbas\PycharmProjects\PowerGrow\venv\Lib\site-packages\django\utils\duration.py first seen with mtime 1721411983.491156
File C:\Users\abbas\AppData\Local\Programs\Python\Python39\Lib\sysconfig.py first seen with mtime 1652793310.0
File C:\Users\abbas\AppData\Local\Programs\Python\Python39\Lib\mimetypes.py first seen with mtime 1652793310.0
File C:\Users\abbas\AppData\Local\Programs\Python\Python39\Lib\asyncio\trsock.py first seen with mtime 1652793310.0
File C:\Users\abbas\AppData\Local\Programs\Python\Python39\Lib\email\errors.py first seen with mtime 1652793310.0
File C:\Users\abbas\PycharmProjects\PowerGrow\venv\Lib\site-packages\django\core\files\storage\mixins.py first seen with mtime 1721411983.0796874
File C:\Users\abbas\AppData\Local\Programs\Python\Python39\Lib\pickle.py first seen with mtime 1652793310.0
File C:\Users\abbas\PycharmProjects\PowerGrow\venv\Lib\site-packages\django\core\mail\utils.py first seen with mtime 1721411983.0854173
File C:\Users\abbas\PycharmProjects\PowerGrow\venv\Lib\site-packages\django\contrib\staticfiles\utils.py first seen with mtime 1721411983.0290878
File C:\Users\abbas\AppData\Local\Programs\Python\Python39\Lib\gettext.py first seen with mtime 1652793310.0
File C:\Users\abbas\PycharmProjects\PowerGrow\venv\Lib\site-packages\django\core\signing.py first seen with mtime 1721411983.0428581
File C:\Users\abbas\PycharmProjects\PowerGrow\venv\Lib\site-packages\django\views\generic\base.py first seen with mtime 1721411983.5389502
File C:\Users\abbas\PycharmProjects\PowerGrow\venv\Lib\site-packages\asgiref\__init__.py first seen with mtime 1721411948.669314
File C:\Users\abbas\PycharmProjects\PowerGrow\venv\Lib\site-packages\django\db\models\sql\query.py first seen with mtime 1721411983.2413397
File C:\Users\abbas\AppData\Local\Programs\Python\Python39\Lib\reprlib.py first seen with mtime 1652793310.0
File C:\Users\abbas\PycharmProjects\PowerGrow\venv\Lib\site-packages\django\utils\translation\trans_real.py first seen with mtime 1721411983.5229769
File C:\Users\abbas\PycharmProjects\PowerGrow\venv\Lib\site-packages\django\http\response.py first seen with mtime 1721411983.4170828
File C:\Users\abbas\PycharmProjects\PowerGrow\venv\Lib\site-packages\django\utils\__init__.py first seen with mtime 1721411983.474839
File C:\Users\abbas\PycharmProjects\PowerGrow\venv\Lib\site-packages\django\db\migrations\operations\__init__.py first seen with mtime 1721411983.1956842
File C:\Users\abbas\PycharmProjects\PowerGrow\venv\Lib\site-packages\django\db\models\sql\subqueries.py first seen with mtime 1721411983.2433727
File C:\Users\abbas\AppData\Local\Programs\Python\Python39\Lib\queue.py first seen with mtime 1652793310.0
File C:\Users\abbas\AppData\Local\Programs\Python\Python39\Lib\urllib\parse.py first seen with mtime 1652793312.0
File C:\Users\abbas\AppData\Local\Programs\Python\Python39\Lib\asyncio\queues.py first seen with mtime 1652793310.0
File C:\Users\abbas\PycharmProjects\PowerGrow\venv\Lib\site-packages\django\template\loaders\filesystem.py first seen with mtime 1721411983.4519165
File C:\Users\abbas\PycharmProjects\PowerGrow\venv\Lib\site-packages\django\template\context_processors.py first seen with mtime 1721411983.4311216
File C:\Users\abbas\PycharmProjects\PowerGrow\venv\Lib\site-packages\django\core\wsgi.py first seen with mtime 1721411983.0439827
File C:\Users\abbas\PycharmProjects\PowerGrow\venv\Lib\site-packages\django\contrib\admin\checks.py first seen with mtime 1721411978.9695294
File C:\Users\abbas\PycharmProjects\PowerGrow\venv\Lib\site-packages\django\http\multipartparser.py first seen with mtime 1721411983.415082
File C:\Users\abbas\PycharmProjects\PowerGrow\PowerGrow\settings.py first seen with mtime 1721411175.0186415
File C:\Users\abbas\PycharmProjects\PowerGrow\venv\Lib\site-packages\django\urls\conf.py first seen with mtime 1721411983.470528
File C:\Users\abbas\PycharmProjects\PowerGrow\venv\Lib\site-packages\django\contrib\admin\decorators.py first seen with mtime 1721411978.9705505
File C:\Users\abbas\PycharmProjects\PowerGrow\venv\Lib\site-packages\django\core\management\commands\runserver.py first seen with mtime 1721411983.1098332
File C:\Users\abbas\PycharmProjects\PowerGrow\venv\Lib\site-packages\django\utils\crypto.py first seen with mtime 1721411983.4829688
File C:\Users\abbas\PycharmProjects\PowerGrow\venv\Lib\site-packages\django\utils\safestring.py first seen with mtime 1721411983.508837
File C:\Users\abbas\PycharmProjects\PowerGrow\venv\Lib\site-packages\django\db\utils.py first seen with mtime 1721411983.1318126
File C:\Users\abbas\PycharmProjects\PowerGrow\venv\Lib\site-packages\django\db\migrations\migration.py first seen with mtime 1721411983.1889222
File C:\Users\abbas\PycharmProjects\PowerGrow\venv\Lib\site-packages\django\forms\renderers.py first seen with mtime 1721411983.2556357
File C:\Users\abbas\AppData\Local\Programs\Python\Python39\Lib\_compat_pickle.py first seen with mtime 1652793310.0
File C:\Users\abbas\PycharmProjects\PowerGrow\venv\Lib\site-packages\django\apps\__init__.py first seen with mtime 1721411978.5767248
File C:\Users\abbas\AppData\Local\Programs\Python\Python39\Lib\re.py first seen with mtime 1652793310.0
File C:\Users\abbas\AppData\Local\Programs\Python\Python39\Lib\weakref.py first seen with mtime 1652793312.0
File C:\Users\abbas\PycharmProjects\PowerGrow\venv\Lib\site-packages\django\utils\_os.py first seen with mtime 1721411983.4761932
File C:\Users\abbas\AppData\Local\Programs\Python\Python39\Lib\asyncio\protocols.py first seen with mtime 1652793310.0
File C:\Users\abbas\PycharmProjects\PowerGrow\venv\Lib\site-packages\django\views\decorators\debug.py first seen with mtime 1721411983.5352423
File C:\Users\abbas\PycharmProjects\PowerGrow\venv\Lib\site-packages\django\db\models\deletion.py first seen with mtime 1721411983.2070177
File C:\Users\abbas\PycharmProjects\PowerGrow\venv\Lib\site-packages\django\db\models\functions\mixins.py first seen with mtime 1721411983.2316277
File C:\Users\abbas\AppData\Local\Programs\Python\Python39\Lib\email\iterators.py first seen with mtime 1652793310.0
File C:\Users\abbas\AppData\Local\Programs\Python\Python39\Lib\sre_constants.py first seen with mtime 1652793310.0
File C:\Users\abbas\AppData\Local\Programs\Python\Python39\Lib\asyncio\proactor_events.py first seen with mtime 1652793310.0
File C:\Users\abbas\AppData\Local\Programs\Python\Python39\Lib\inspect.py first seen with mtime 1652793310.0
File C:\Users\abbas\AppData\Local\Programs\Python\Python39\Lib\email\_parseaddr.py first seen with mtime 1652793310.0
File C:\Users\abbas\PycharmProjects\PowerGrow\venv\Lib\site-packages\django\contrib\staticfiles\apps.py first seen with mtime 1721411983.021913
File C:\Users\abbas\AppData\Local\Programs\Python\Python39\Lib\operator.py first seen with mtime 1652793310.0
File C:\Users\abbas\PycharmProjects\PowerGrow\venv\Lib\site-packages\django\conf\urls\static.py first seen with mtime 1721411978.9651968
File C:\Users\abbas\PycharmProjects\PowerGrow\venv\Lib\site-packages\django\db\models\enums.py first seen with mtime 1721411983.2080567
File C:\Users\abbas\AppData\Local\Programs\Python\Python39\Lib\asyncio\threads.py first seen with mtime 1652793310.0
File C:\Users\abbas\PycharmProjects\PowerGrow\venv\Lib\site-packages\django\core\files\storage\__init__.py first seen with mtime 1721411983.0756314
File C:\Users\abbas\AppData\Local\Programs\Python\Python39\Lib\heapq.py first seen with mtime 1652793310.0
File C:\Users\abbas\AppData\Local\Programs\Python\Python39\Lib\json\encoder.py first seen with mtime 1652793310.0
File C:\Users\abbas\AppData\Local\Programs\Python\Python39\Lib\email\message.py first seen with mtime 1652793310.0
File C:\Users\abbas\PycharmProjects\PowerGrow\venv\Lib\site-packages\django\utils\deprecation.py first seen with mtime 1721411983.491156
File C:\Users\abbas\AppData\Local\Programs\Python\Python39\DLLs\_uuid.pyd first seen with mtime 1652793362.0
File C:\Users\abbas\AppData\Local\Programs\Python\Python39\Lib\stat.py first seen with mtime 1652793310.0
File C:\Users\abbas\PycharmProjects\PowerGrow\venv\Lib\site-packages\django\urls\resolvers.py first seen with mtime 1721411983.4737828
File C:\Users\abbas\AppData\Local\Programs\Python\Python39\Lib\gzip.py first seen with mtime 1652793310.0
File C:\Users\abbas\PycharmProjects\PowerGrow\venv\Lib\site-packages\django\utils\datastructures.py first seen with mtime 1721411983.484478
File C:\Users\abbas\PycharmProjects\PowerGrow\venv\Lib\site-packages\django\http\__init__.py first seen with mtime 1721411983.4130838
File C:\Users\abbas\AppData\Local\Programs\Python\Python39\Lib\asyncio\tasks.py first seen with mtime 1652793310.0
File C:\Users\abbas\AppData\Local\Programs\Python\Python39\Lib\asyncio\constants.py first seen with mtime 1652793310.0
File C:\Users\abbas\AppData\Local\Programs\Python\Python39\Lib\email\headerregistry.py first seen with mtime 1652793310.0
File C:\Users\abbas\AppData\Local\Programs\Python\Python39\Lib\socket.py first seen with mtime 1652793310.0
File C:\Users\abbas\AppData\Local\Programs\Python\Python39\Lib\asyncio\exceptions.py first seen with mtime 1652793310.0
File C:\Users\abbas\PycharmProjects\PowerGrow\venv\Lib\site-packages\django\forms\widgets.py first seen with mtime 1721411983.258751
File C:\Users\abbas\AppData\Local\Programs\Python\Python39\Lib\encodings\__init__.py first seen with mtime 1652793310.0
File C:\Users\abbas\PycharmProjects\PowerGrow\venv\Lib\site-packages\django\urls\converters.py first seen with mtime 1721411983.4717195
File C:\Users\abbas\PycharmProjects\PowerGrow\venv\Lib\site-packages\django\utils\dates.py first seen with mtime 1721411983.4869332
File C:\Users\abbas\PycharmProjects\PowerGrow\venv\Lib\site-packages\django\db\backends\__init__.py first seen with mtime 1721411983.1318126
File C:\Users\abbas\PycharmProjects\PowerGrow\venv\Lib\site-packages\django\db\models\fields\reverse_related.py first seen with mtime 1721411983.2269788
File C:\Users\abbas\PycharmProjects\PowerGrow\venv\Lib\site-packages\django\db\models\manager.py first seen with mtime 1721411983.2118776
File C:\Users\abbas\PycharmProjects\PowerGrow\venv\Lib\site-packages\django\contrib\admin\views\autocomplete.py first seen with mtime 1721411979.6378148
File C:\Users\abbas\PycharmProjects\PowerGrow\venv\Lib\site-packages\django\contrib\admin\exceptions.py first seen with mtime 1721411978.9720547
File C:\Users\abbas\PycharmProjects\PowerGrow\venv\Lib\site-packages\django\contrib\contenttypes\__init__.py first seen with mtime 1721411980.098636
File C:\Users\abbas\PycharmProjects\PowerGrow\venv\Lib\site-packages\django\core\files\storage\filesystem.py first seen with mtime 1721411983.0766213
File C:\Users\abbas\PycharmProjects\PowerGrow\venv\Lib\site-packages\django\template\exceptions.py first seen with mtime 1721411983.4363832
File C:\Users\abbas\PycharmProjects\PowerGrow\venv\Lib\site-packages\django\db\models\functions\comparison.py first seen with mtime 1721411983.229517
File C:\Users\abbas\PycharmProjects\PowerGrow\venv\Lib\site-packages\django\db\migrations\exceptions.py first seen with mtime 1721411983.185248
File C:\Users\abbas\AppData\Local\Programs\Python\Python39\Lib\tokenize.py first seen with mtime 1652793312.0
File C:\Users\abbas\AppData\Local\Programs\Python\Python39\Lib\email\header.py first seen with mtime 1652793310.0
File C:\Users\abbas\AppData\Local\Programs\Python\Python39\Lib\decimal.py first seen with mtime 1652793310.0
File C:\Users\abbas\AppData\Local\Programs\Python\Python39\Lib\warnings.py first seen with mtime 1652793312.0
File C:\Users\abbas\AppData\Local\Programs\Python\Python39\Lib\collections\__init__.py first seen with mtime 1652793310.0
File C:\Users\abbas\AppData\Local\Programs\Python\Python39\Lib\email\contentmanager.py first seen with mtime 1652793310.0
File C:\Users\abbas\PycharmProjects\PowerGrow\venv\Lib\site-packages\django\core\handlers\base.py first seen with mtime 1721411983.0817733
File C:\Users\abbas\PycharmProjects\PowerGrow\venv\Lib\site-packages\django\forms\__init__.py first seen with mtime 1721411983.2478712
File C:\Users\abbas\AppData\Local\Programs\Python\Python39\Lib\token.py first seen with mtime 1652793312.0
File C:\Users\abbas\PycharmProjects\PowerGrow\venv\Lib\site-packages\django\core\checks\security\base.py first seen with mtime 1721411983.0662255
File C:\Users\abbas\AppData\Local\Programs\Python\Python39\DLLs\_queue.pyd first seen with mtime 1652793362.0
File C:\Users\abbas\PycharmProjects\PowerGrow\venv\Lib\site-packages\django\contrib\messages\api.py first seen with mtime 1721411981.408447
File C:\Users\abbas\PycharmProjects\PowerGrow\PowerGrow\__init__.py first seen with mtime 1707776353.0185938
File C:\Users\abbas\AppData\Local\Programs\Python\Python39\Lib\ast.py first seen with mtime 1652793310.0
File C:\Users\abbas\AppData\Local\Programs\Python\Python39\Lib\asyncio\format_helpers.py first seen with mtime 1652793310.0
File C:\Users\abbas\PycharmProjects\PowerGrow\venv\Lib\site-packages\django\core\files\uploadedfile.py first seen with mtime 1721411983.0725985
File C:\Users\abbas\AppData\Local\Programs\Python\Python39\Lib\http\__init__.py first seen with mtime 1652793310.0
File C:\Users\abbas\PycharmProjects\PowerGrow\venv\Lib\site-packages\django\views\decorators\csrf.py first seen with mtime 1721411983.5336921
File C:\Users\abbas\AppData\Local\Programs\Python\Python39\Lib\secrets.py first seen with mtime 1652793310.0
File C:\Users\abbas\PycharmProjects\PowerGrow\venv\Lib\site-packages\django\db\transaction.py first seen with mtime 1721411983.1308136
File C:\Users\abbas\PycharmProjects\PowerGrow\venv\Lib\site-packages\_virtualenv.py first seen with mtime 1721411925.8417861
File C:\Users\abbas\PycharmProjects\PowerGrow\venv\Lib\site-packages\django\db\models\signals.py first seen with mtime 1721411983.2164679
File C:\Users\abbas\AppData\Local\Programs\Python\Python39\Lib\abc.py first seen with mtime 1652793310.0
File C:\Users\abbas\PycharmProjects\PowerGrow\venv\Lib\site-packages\django\template\defaulttags.py first seen with mtime 1721411983.4340372
File C:\Users\abbas\PycharmProjects\PowerGrow\venv\Lib\site-packages\django\utils\deconstruct.py first seen with mtime 1721411983.4889426
File C:\Users\abbas\PycharmProjects\PowerGrow\venv\Lib\site-packages\django\contrib\messages\__init__.py first seen with mtime 1721411981.407076
File C:\Users\abbas\PycharmProjects\PowerGrow\venv\Lib\site-packages\django\contrib\admin\helpers.py first seen with mtime 1721411978.9741025
File C:\Users\abbas\PycharmProjects\PowerGrow\venv\Lib\site-packages\django\core\management\__init__.py first seen with mtime 1721411983.0931532
File C:\Users\abbas\PycharmProjects\PowerGrow\venv\Lib\site-packages\colorama\winterm.py first seen with mtime 1721411960.8320796
File C:\Users\abbas\PycharmProjects\PowerGrow\venv\Lib\site-packages\django\forms\utils.py first seen with mtime 1721411983.2566433
File C:\Users\abbas\PycharmProjects\PowerGrow\venv\Lib\site-packages\django\contrib\admin\__init__.py first seen with mtime 1721411978.967213
File C:\Users\abbas\PycharmProjects\PowerGrow\venv\Lib\site-packages\django\core\cache\backends\base.py first seen with mtime 1721411983.0472946
File C:\Users\abbas\AppData\Local\Programs\Python\Python39\Lib\logging\__init__.py first seen with mtime 1652793310.0
File C:\Users\abbas\PycharmProjects\PowerGrow\venv\Lib\site-packages\django\db\models\fields\related.py first seen with mtime 1721411983.2237382
File C:\Users\abbas\AppData\Local\Programs\Python\Python39\Lib\asyncio\runners.py first seen with mtime 1652793310.0
File C:\Users\abbas\PycharmProjects\PowerGrow\venv\Lib\site-packages\django\templatetags\tz.py first seen with mtime 1721411983.4577794
File C:\Users\abbas\PycharmProjects\PowerGrow\venv\Lib\site-packages\django\utils\version.py first seen with mtime 1721411983.5165806
File C:\Users\abbas\PycharmProjects\PowerGrow\venv\Lib\site-packages\django\core\__init__.py first seen with mtime 1721411983.0374956
File C:\Users\abbas\PycharmProjects\PowerGrow\venv\Lib\site-packages\django\forms\forms.py first seen with mtime 1721411983.2524357
File C:\Users\abbas\PycharmProjects\PowerGrow\venv\Lib\site-packages\django\contrib\messages\storage\__init__.py first seen with mtime 1721411981.414112
File C:\Users\abbas\AppData\Local\Programs\Python\Python39\Lib\email\quoprimime.py first seen with mtime 1652793310.0
File C:\Users\abbas\PycharmProjects\PowerGrow\venv\Lib\site-packages\django\db\migrations\__init__.py first seen with mtime 1721411983.182083
File C:\Users\abbas\AppData\Local\Programs\Python\Python39\Lib\wsgiref\util.py first seen with mtime 1652793312.0
File C:\Users\abbas\AppData\Local\Programs\Python\Python39\Lib\email\__init__.py first seen with mtime 1652793310.0
File C:\Users\abbas\AppData\Local\Programs\Python\Python39\Lib\asyncio\selector_events.py first seen with mtime 1652793310.0
File C:\Users\abbas\PycharmProjects\PowerGrow\venv\Lib\site-packages\django\core\validators.py first seen with mtime 1721411983.0439827
File C:\Users\abbas\PycharmProjects\PowerGrow\venv\Lib\site-packages\django\core\checks\files.py first seen with mtime 1721411983.0563722
File C:\Users\abbas\AppData\Local\Programs\Python\Python39\Lib\asyncio\events.py first seen with mtime 1652793310.0
File C:\Users\abbas\PycharmProjects\PowerGrow\venv\Lib\site-packages\django\views\generic\list.py first seen with mtime 1721411983.5434542
File C:\Users\abbas\PycharmProjects\PowerGrow\venv\Lib\site-packages\django\http\cookie.py first seen with mtime 1721411983.414084
File C:\Users\abbas\PycharmProjects\PowerGrow\venv\Lib\site-packages\django\template\loader.py first seen with mtime 1721411983.4380639
File C:\Users\abbas\PycharmProjects\PowerGrow\venv\Lib\site-packages\django\core\checks\templates.py first seen with mtime 1721411983.061555
File C:\Users\abbas\AppData\Local\Programs\Python\Python39\Lib\collections\abc.py first seen with mtime 1652793310.0
File C:\Users\abbas\PycharmProjects\PowerGrow\venv\Lib\site-packages\django\forms\models.py first seen with mtime 1721411983.2545428
File C:\Users\abbas\AppData\Local\Programs\Python\Python39\Lib\ctypes\_endian.py first seen with mtime 1652793310.0
File C:\Users\abbas\PycharmProjects\PowerGrow\venv\Lib\site-packages\django\utils\timezone.py first seen with mtime 1721411983.5135677
File C:\Users\abbas\PycharmProjects\PowerGrow\venv\Lib\site-packages\django\contrib\sessions\__init__.py first seen with mtime 1721411982.5308833
File C:\Users\abbas\AppData\Local\Programs\Python\Python39\Lib\email\encoders.py first seen with mtime 1652793310.0
File C:\Users\abbas\AppData\Local\Programs\Python\Python39\Lib\encodings\utf_8.py first seen with mtime 1652793310.0
File C:\Users\abbas\PycharmProjects\PowerGrow\venv\Lib\site-packages\django\contrib\messages\utils.py first seen with mtime 1721411981.413048
File C:\Users\abbas\AppData\Local\Programs\Python\Python39\Lib\random.py first seen with mtime 1652793310.0
File C:\Users\abbas\PycharmProjects\PowerGrow\venv\Lib\site-packages\django\db\models\__init__.py first seen with mtime 1721411983.201395
File C:\Users\abbas\PycharmProjects\PowerGrow\venv\Lib\site-packages\django\contrib\contenttypes\apps.py first seen with mtime 1721411980.1008525
File C:\Users\abbas\PycharmProjects\PowerGrow\venv\Lib\site-packages\django\urls\exceptions.py first seen with mtime 1721411983.4727738
File C:\Users\abbas\PycharmProjects\PowerGrow\venv\Lib\site-packages\django\core\cache\backends\filebased.py first seen with mtime 1721411983.0498376
File C:\Users\abbas\AppData\Local\Programs\Python\Python39\DLLs\_bz2.pyd first seen with mtime 1652793372.0
File C:\Users\abbas\PycharmProjects\PowerGrow\venv\Lib\site-packages\colorama\ansitowin32.py first seen with mtime 1721411960.8264952
File C:\Users\abbas\AppData\Local\Programs\Python\Python39\Lib\contextvars.py first seen with mtime 1652793310.0
File C:\Users\abbas\AppData\Local\Programs\Python\Python39\Lib\codecs.py first seen with mtime 1652793310.0
File C:\Users\abbas\PycharmProjects\PowerGrow\venv\Lib\site-packages\django\template\context.py first seen with mtime 1721411983.4295597
File C:\Users\abbas\PycharmProjects\PowerGrow\venv\Lib\site-packages\colorama\win32.py first seen with mtime 1721411960.8309753
File C:\Users\abbas\PycharmProjects\PowerGrow\venv\Lib\site-packages\django\utils\topological_sort.py first seen with mtime 1721411983.5135677
File C:\Users\abbas\AppData\Local\Programs\Python\Python39\Lib\bz2.py first seen with mtime 1652793310.0
File C:\Users\abbas\PycharmProjects\PowerGrow\venv\Lib\site-packages\colorama\ansi.py first seen with mtime 1721411960.8242726
File C:\Users\abbas\PycharmProjects\PowerGrow\venv\Lib\site-packages\django\core\checks\async_checks.py first seen with mtime 1721411983.055008
File C:\Users\abbas\PycharmProjects\PowerGrow\venv\Lib\site-packages\django\utils\itercompat.py first seen with mtime 1721411983.502408
File C:\Users\abbas\AppData\Local\Programs\Python\Python39\Lib\_collections_abc.py first seen with mtime 1652793310.0
File C:\Users\abbas\PycharmProjects\PowerGrow\venv\Lib\site-packages\django\utils\formats.py first seen with mtime 1721411983.4943292
File C:\Users\abbas\PycharmProjects\PowerGrow\venv\Lib\site-packages\django\views\decorators\__init__.py first seen with mtime 1721411983.5304441
File C:\Users\abbas\PycharmProjects\PowerGrow\venv\Lib\site-packages\django\utils\encoding.py first seen with mtime 1721411983.4923184
File C:\Users\abbas\PycharmProjects\PowerGrow\venv\Lib\site-packages\django\db\models\utils.py first seen with mtime 1721411983.2164679
File C:\Users\abbas\AppData\Local\Programs\Python\Python39\Lib\ctypes\__init__.py first seen with mtime 1652793310.0
File C:\Users\abbas\AppData\Local\Programs\Python\Python39\Lib\sre_parse.py first seen with mtime 1652793310.0
File C:\Users\abbas\AppData\Local\Programs\Python\Python39\Lib\email\base64mime.py first seen with mtime 1652793310.0
File C:\Users\abbas\PycharmProjects\PowerGrow\venv\Lib\site-packages\django\core\checks\compatibility\django_4_0.py first seen with mtime 1721411983.0650823
File C:\Users\abbas\PycharmProjects\PowerGrow\venv\Lib\site-packages\colorama\__init__.py first seen with mtime 1721411960.8231163
File C:\Users\abbas\PycharmProjects\PowerGrow\venv\Lib\site-packages\django\db\models\sql\where.py first seen with mtime 1721411983.2443707
File C:\Users\abbas\PycharmProjects\PowerGrow\venv\Lib\site-packages\django\views\decorators\cache.py first seen with mtime 1721411983.5314744
File C:\Users\abbas\PycharmProjects\PowerGrow\venv\Lib\site-packages\django\core\files\storage\handler.py first seen with mtime 1721411983.077686
File C:\Users\abbas\AppData\Local\Programs\Python\Python39\Lib\email\mime\message.py first seen with mtime 1652793310.0
File C:\Users\abbas\PycharmProjects\PowerGrow\venv\Lib\site-packages\django\utils\lorem_ipsum.py first seen with mtime 1721411983.5052037
File C:\Users\abbas\PycharmProjects\PowerGrow\venv\Lib\site-packages\django\contrib\messages\apps.py first seen with mtime 1721411981.409711
File C:\Users\abbas\PycharmProjects\PowerGrow\venv\Lib\site-packages\django\db\migrations\operations\special.py first seen with mtime 1721411983.2013068
File C:\Users\abbas\PycharmProjects\PowerGrow\venv\Lib\site-packages\django\contrib\admin\apps.py first seen with mtime 1721411978.9682105
File C:\Users\abbas\PycharmProjects\PowerGrow\venv\Lib\site-packages\django\views\decorators\common.py first seen with mtime 1721411983.532502
File C:\Users\abbas\AppData\Local\Programs\Python\Python39\Lib\asyncio\transports.py first seen with mtime 1652793310.0
File C:\Users\abbas\AppData\Local\Programs\Python\Python39\Lib\struct.py first seen with mtime 1652793310.0
File C:\Users\abbas\PycharmProjects\PowerGrow\venv\Lib\site-packages\django\urls\__init__.py first seen with mtime 1721411983.4679518
File C:\Users\abbas\PycharmProjects\PowerGrow\venv\Lib\site-packages\django\core\files\storage\memory.py first seen with mtime 1721411983.078691
File C:\Users\abbas\PycharmProjects\PowerGrow\venv\Lib\site-packages\django\templatetags\cache.py first seen with mtime 1721411983.4540296
File C:\Users\abbas\PycharmProjects\PowerGrow\venv\Lib\site-packages\django\core\servers\basehttp.py first seen with mtime 1721411983.128478
File C:\Users\abbas\PycharmProjects\PowerGrow\venv\Lib\site-packages\django\template\backends\__init__.py first seen with mtime 1721411983.4419365
File C:\Users\abbas\AppData\Local\Programs\Python\Python39\Lib\copy.py first seen with mtime 1652793310.0
File C:\Users\abbas\PycharmProjects\PowerGrow\venv\Lib\site-packages\django\db\models\query.py first seen with mtime 1721411983.2141156
File C:\Users\abbas\PycharmProjects\PowerGrow\venv\Lib\site-packages\django\utils\autoreload.py first seen with mtime 1721411983.478839
File C:\Users\abbas\PycharmProjects\PowerGrow\venv\Lib\site-packages\asgiref\current_thread_executor.py first seen with mtime 1721411948.6724203
File C:\Users\abbas\PycharmProjects\PowerGrow\venv\Lib\site-packages\django\core\checks\model_checks.py first seen with mtime 1721411983.0594318
File C:\Users\abbas\PycharmProjects\PowerGrow\venv\Lib\site-packages\django\contrib\admin\filters.py first seen with mtime 1721411978.9720547
File C:\Users\abbas\AppData\Local\Programs\Python\Python39\Lib\html\__init__.py first seen with mtime 1652793310.0
File C:\Users\abbas\PycharmProjects\PowerGrow\venv\Lib\site-packages\django\template\loaders\base.py first seen with mtime 1721411983.4496706
File C:\Users\abbas\PycharmProjects\PowerGrow\venv\Lib\site-packages\django\core\checks\caches.py first seen with mtime 1721411983.055008
File C:\Users\abbas\AppData\Local\Programs\Python\Python39\Lib\string.py first seen with mtime 1652793310.0
File C:\Users\abbas\AppData\Local\Programs\Python\Python39\Lib\concurrent\futures\thread.py first seen with mtime 1652793310.0
File C:\Users\abbas\AppData\Local\Programs\Python\Python39\Lib\asyncio\subprocess.py first seen with mtime 1652793310.0
File C:\Users\abbas\PycharmProjects\PowerGrow\venv\Lib\site-packages\django\templatetags\static.py first seen with mtime 1721411983.4564836
File C:\Users\abbas\PycharmProjects\PowerGrow\venv\Lib\site-packages\django\db\models\fields\__init__.py first seen with mtime 1721411983.2179203
File C:\Users\abbas\AppData\Local\Programs\Python\Python39\Lib\email\charset.py first seen with mtime 1652793310.0
File C:\Users\abbas\AppData\Local\Programs\Python\Python39\Lib\selectors.py first seen with mtime 1652793310.0
File C:\Users\abbas\AppData\Local\Programs\Python\Python39\Lib\ntpath.py first seen with mtime 1652793310.0
File C:\Users\abbas\AppData\Local\Programs\Python\Python39\Lib\quopri.py first seen with mtime 1652793310.0
File C:\Users\abbas\PycharmProjects\PowerGrow\venv\Lib\site-packages\django\core\checks\security\__init__.py first seen with mtime 1721411983.0650823
File C:\Users\abbas\PycharmProjects\PowerGrow\venv\Lib\site-packages\django\contrib\admin\templatetags\__init__.py first seen with mtime 1721411979.6328828
File C:\Users\abbas\PycharmProjects\PowerGrow\venv\Lib\site-packages\django\urls\utils.py first seen with mtime 1721411983.474839
File C:\Users\abbas\AppData\Local\Programs\Python\Python39\Lib\importlib\util.py first seen with mtime 1652793310.0
File C:\Users\abbas\AppData\Local\Programs\Python\Python39\Lib\json\__init__.py first seen with mtime 1652793310.0
File C:\Users\abbas\PycharmProjects\PowerGrow\venv\Lib\site-packages\django\contrib\__init__.py first seen with mtime 1721411978.9662137
File C:\Users\abbas\AppData\Local\Programs\Python\Python39\Lib\wsgiref\handlers.py first seen with mtime 1652793312.0
File C:\Users\abbas\PycharmProjects\PowerGrow\venv\Lib\site-packages\django\contrib\staticfiles\checks.py first seen with mtime 1721411983.0230577
File C:\Users\abbas\PycharmProjects\PowerGrow\venv\Lib\site-packages\django\utils\cache.py first seen with mtime 1721411983.4814048
File C:\Users\abbas\AppData\Local\Programs\Python\Python39\Lib\locale.py first seen with mtime 1652793310.0
File C:\Users\abbas\PycharmProjects\PowerGrow\venv\Lib\site-packages\django\views\defaults.py first seen with mtime 1721411983.5262883
File C:\Users\abbas\PycharmProjects\PowerGrow\venv\Lib\site-packages\django\utils\numberformat.py first seen with mtime 1721411983.5077825
File C:\Users\abbas\AppData\Local\Programs\Python\Python39\Lib\email\_header_value_parser.py first seen with mtime 1652793310.0
File C:\Users\abbas\PycharmProjects\PowerGrow\venv\Lib\site-packages\django\core\checks\compatibility\__init__.py first seen with mtime 1721411983.0637717
File C:\Users\abbas\AppData\Local\Programs\Python\Python39\Lib\_bootlocale.py first seen with mtime 1652793310.0
File C:\Users\abbas\AppData\Local\Programs\Python\Python39\Lib\http\client.py first seen with mtime 1652793310.0
File C:\Users\abbas\PycharmProjects\PowerGrow\venv\Lib\site-packages\django\db\migrations\operations\base.py first seen with mtime 1721411983.1970012
File C:\Users\abbas\AppData\Local\Programs\Python\Python39\Lib\asyncio\base_tasks.py first seen with mtime 1652793310.0
File C:\Users\abbas\AppData\Local\Programs\Python\Python39\Lib\email\mime\text.py first seen with mtime 1652793310.0
File C:\Users\abbas\AppData\Local\Programs\Python\Python39\Lib\_markupbase.py first seen with mtime 1652793310.0
File C:\Users\abbas\AppData\Local\Programs\Python\Python39\DLLs\_lzma.pyd first seen with mtime 1652793362.0
File C:\Users\abbas\PycharmProjects\PowerGrow\venv\Lib\site-packages\django\contrib\staticfiles\finders.py first seen with mtime 1721411983.0230577
File C:\Users\abbas\AppData\Local\Programs\Python\Python39\Lib\pathlib.py first seen with mtime 1652793310.0
File C:\Users\abbas\AppData\Local\Programs\Python\Python39\Lib\email\generator.py first seen with mtime 1652793310.0
File C:\Users\abbas\AppData\Local\Programs\Python\Python39\Lib\encodings\latin_1.py first seen with mtime 1652793310.0
File C:\Users\abbas\AppData\Local\Programs\Python\Python39\Lib\_sitebuiltins.py first seen with mtime 1652793310.0
File C:\Users\abbas\PycharmProjects\PowerGrow\venv\Lib\site-packages\django\core\files\__init__.py first seen with mtime 1721411983.0684292
File C:\Users\abbas\AppData\Local\Programs\Python\Python39\Lib\uuid.py first seen with mtime 1652793312.0
File C:\Users\abbas\AppData\Local\Programs\Python\Python39\Lib\bisect.py first seen with mtime 1652793310.0
File C:\Users\abbas\AppData\Local\Programs\Python\Python39\Lib\asyncio\windows_utils.py first seen with mtime 1652793310.0
File C:\Users\abbas\PycharmProjects\PowerGrow\venv\Lib\site-packages\django\utils\tree.py first seen with mtime 1721411983.5155792
File C:\Users\abbas\PycharmProjects\PowerGrow\venv\Lib\site-packages\django\db\models\sql\constants.py first seen with mtime 1721411983.2382545
File C:\Users\abbas\AppData\Local\Programs\Python\Python39\DLLs\_decimal.pyd first seen with mtime 1652793362.0
File C:\Users\abbas\PycharmProjects\PowerGrow\venv\Lib\site-packages\django\utils\hashable.py first seen with mtime 1721411983.4967995
File C:\Users\abbas\PycharmProjects\PowerGrow\venv\Lib\site-packages\django\forms\formsets.py first seen with mtime 1721411983.2534869
File C:\Users\abbas\AppData\Local\Programs\Python\Python39\Lib\email\mime\__init__.py first seen with mtime 1652793310.0
File C:\Users\abbas\AppData\Local\Programs\Python\Python39\Lib\zoneinfo\_common.py first seen with mtime 1652793312.0
File C:\Users\abbas\PycharmProjects\PowerGrow\venv\Lib\site-packages\django\contrib\admin\views\__init__.py first seen with mtime 1721411979.6378148
File C:\Users\abbas\PycharmProjects\PowerGrow\venv\Lib\site-packages\django\core\files\temp.py first seen with mtime 1721411983.071116
File C:\Users\abbas\PycharmProjects\PowerGrow\venv\Lib\site-packages\django\core\paginator.py first seen with mtime 1721411983.0399306
File C:\Users\abbas\PycharmProjects\PowerGrow\venv\Lib\site-packages\django\db\models\functions\text.py first seen with mtime 1721411983.2328408
File C:\Users\abbas\PycharmProjects\PowerGrow\venv\Lib\site-packages\django\db\migrations\operations\models.py first seen with mtime 1721411983.2000692
File C:\Users\abbas\PycharmProjects\PowerGrow\venv\Lib\site-packages\django\template\smartif.py first seen with mtime 1721411983.4408662
File C:\Users\abbas\AppData\Local\Programs\Python\Python39\Lib\asyncio\windows_events.py first seen with mtime 1652793310.0
File C:\Users\abbas\AppData\Local\Programs\Python\Python39\Lib\shutil.py first seen with mtime 1652793310.0
File C:\Users\abbas\PycharmProjects\PowerGrow\venv\Lib\site-packages\django\template\response.py first seen with mtime 1721411983.4393532
File C:\Users\abbas\PycharmProjects\PowerGrow\venv\Lib\site-packages\django\core\files\utils.py first seen with mtime 1721411983.0746207
File C:\Users\abbas\PycharmProjects\PowerGrow\venv\Lib\site-packages\django\forms\boundfield.py first seen with mtime 1721411983.2490652
File C:\Users\abbas\AppData\Local\Programs\Python\Python39\Lib\types.py first seen with mtime 1652793312.0
File C:\Users\abbas\AppData\Local\Programs\Python\Python39\Lib\linecache.py first seen with mtime 1652793310.0
File C:\Users\abbas\AppData\Local\Programs\Python\Python39\Lib\traceback.py first seen with mtime 1652793312.0
File C:\Users\abbas\AppData\Local\Programs\Python\Python39\Lib\contextlib.py first seen with mtime 1652793310.0
File C:\Users\abbas\AppData\Local\Programs\Python\Python39\Lib\io.py first seen with mtime 1652793310.0
File C:\Users\abbas\AppData\Local\Programs\Python\Python39\Lib\glob.py first seen with mtime 1652793310.0
File C:\Users\abbas\AppData\Local\Programs\Python\Python39\DLLs\_socket.pyd first seen with mtime 1652793362.0
File C:\Users\abbas\PycharmProjects\PowerGrow\venv\Lib\site-packages\django\db\models\fields\json.py first seen with mtime 1721411983.2202966
File C:\Users\abbas\AppData\Local\Programs\Python\Python39\Lib\calendar.py first seen with mtime 1652793310.0
File C:\Users\abbas\PycharmProjects\PowerGrow\venv\Lib\site-packages\django\core\cache\__init__.py first seen with mtime 1721411983.0450182
File C:\Users\abbas\PycharmProjects\PowerGrow\venv\Lib\site-packages\django\db\models\functions\__init__.py first seen with mtime 1721411983.2283266
File C:\Users\abbas\PycharmProjects\PowerGrow\venv\Lib\site-packages\django\core\files\uploadhandler.py first seen with mtime 1721411983.0736146
File C:\Users\abbas\PycharmProjects\PowerGrow\venv\Lib\site-packages\django\utils\html.py first seen with mtime 1721411983.497307
File C:\Users\abbas\AppData\Local\Programs\Python\Python39\Lib\email\mime\multipart.py first seen with mtime 1652793310.0
File C:\Users\abbas\PycharmProjects\PowerGrow\venv\Lib\site-packages\django\contrib\admin\options.py first seen with mtime 1721411978.9766157
File C:\Users\abbas\PycharmProjects\PowerGrow\venv\Lib\site-packages\django\core\management\commands\__init__.py first seen with mtime 1721411983.0976672
File C:\Users\abbas\AppData\Local\Programs\Python\Python39\DLLs\_ctypes.pyd first seen with mtime 1652793362.0
File C:\Users\abbas\PycharmProjects\PowerGrow\venv\Lib\site-packages\django\db\models\fields\files.py first seen with mtime 1721411983.2192426
File C:\Users\abbas\PycharmProjects\PowerGrow\venv\Lib\site-packages\django\contrib\admin\widgets.py first seen with mtime 1721411978.979511
File C:\Users\abbas\PycharmProjects\PowerGrow\venv\Lib\site-packages\django\middleware\csrf.py first seen with mtime 1721411983.4224966
File C:\Users\abbas\AppData\Local\Programs\Python\Python39\Lib\concurrent\futures\_base.py first seen with mtime 1652793310.0
File C:\Users\abbas\PycharmProjects\PowerGrow\venv\Lib\site-packages\django\templatetags\i18n.py first seen with mtime 1721411983.4552982
File C:\Users\abbas\PycharmProjects\PowerGrow\venv\Lib\site-packages\django\db\backends\utils.py first seen with mtime 1721411983.1338854
File C:\Users\abbas\PycharmProjects\PowerGrow\venv\Lib\site-packages\django\contrib\admin\sites.py first seen with mtime 1721411978.9766157
File C:\Users\abbas\PycharmProjects\PowerGrow\venv\Lib\site-packages\django\core\serializers\python.py first seen with mtime 1721411983.124641
File C:\Users\abbas\PycharmProjects\PowerGrow\venv\Lib\site-packages\django\core\serializers\__init__.py first seen with mtime 1721411983.1205504
File C:\Users\abbas\PycharmProjects\PowerGrow\venv\Lib\site-packages\django\core\files\images.py first seen with mtime 1721411983.0697296
File C:\Users\abbas\AppData\Local\Programs\Python\Python39\Lib\email\policy.py first seen with mtime 1652793310.0
File C:\Users\abbas\AppData\Local\Programs\Python\Python39\Lib\asyncio\__init__.py first seen with mtime 1652793310.0
File C:\Users\abbas\PycharmProjects\PowerGrow\venv\Lib\site-packages\rest_framework\__init__.py first seen with mtime 1721412018.229977
File C:\Users\abbas\AppData\Local\Programs\Python\Python39\Lib\asyncio\locks.py first seen with mtime 1652793310.0
File C:\Users\abbas\AppData\Local\Programs\Python\Python39\Lib\os.py first seen with mtime 1652793310.0
File C:\Users\abbas\PycharmProjects\PowerGrow\venv\Lib\site-packages\django\shortcuts.py first seen with mtime 1721411978.5755565
File C:\Users\abbas\AppData\Local\Programs\Python\Python39\Lib\tempfile.py first seen with mtime 1652793310.0
File C:\Users\abbas\AppData\Local\Programs\Python\Python39\DLLs\_asyncio.pyd first seen with mtime 1652793362.0
File C:\Users\abbas\AppData\Local\Programs\Python\Python39\Lib\concurrent\futures\__init__.py first seen with mtime 1652793310.0
File C:\Users\abbas\PycharmProjects\PowerGrow\venv\Lib\site-packages\django\core\cache\utils.py first seen with mtime 1721411983.0462544
File C:\Users\abbas\PycharmProjects\PowerGrow\venv\Lib\site-packages\django\db\models\options.py first seen with mtime 1721411983.2131128
File C:\Users\abbas\PycharmProjects\PowerGrow\venv\Lib\site-packages\django\http\request.py first seen with mtime 1721411983.4160812
File C:\Users\abbas\AppData\Local\Programs\Python\Python39\Lib\typing.py first seen with mtime 1652793312.0
File C:\Users\abbas\AppData\Local\Programs\Python\Python39\Lib\socketserver.py first seen with mtime 1652793310.0
File C:\Users\abbas\AppData\Local\Programs\Python\Python39\Lib\platform.py first seen with mtime 1652793310.0
File C:\Users\abbas\AppData\Local\Programs\Python\Python39\Lib\asyncio\streams.py first seen with mtime 1652793310.0
File C:\Users\abbas\AppData\Local\Programs\Python\Python39\Lib\wsgiref\headers.py first seen with mtime 1652793312.0
File C:\Users\abbas\PycharmProjects\PowerGrow\venv\Lib\site-packages\django\template\__init__.py first seen with mtime 1721411983.4265058
File C:\Users\abbas\PycharmProjects\PowerGrow\venv\Lib\site-packages\django\utils\functional.py first seen with mtime 1721411983.4953287
File C:\Users\abbas\AppData\Local\Programs\Python\Python39\DLLs\_zoneinfo.pyd first seen with mtime 1652793362.0
File C:\Users\abbas\AppData\Local\Programs\Python\Python39\Lib\pprint.py first seen with mtime 1652793310.0
File C:\Users\abbas\PycharmProjects\PowerGrow\venv\Lib\site-packages\django\db\models\functions\math.py first seen with mtime 1721411983.2305708
File C:\Users\abbas\PycharmProjects\PowerGrow\venv\Lib\site-packages\django\template\loader_tags.py first seen with mtime 1721411983.4380639
File C:\Users\abbas\PycharmProjects\PowerGrow\venv\Lib\site-packages\django\contrib\contenttypes\checks.py first seen with mtime 1721411980.1008525
File C:\Users\abbas\AppData\Local\Programs\Python\Python39\Lib\lzma.py first seen with mtime 1652793310.0
File C:\Users\abbas\PycharmProjects\PowerGrow\venv\Lib\site-packages\django\db\models\lookups.py first seen with mtime 1721411983.2106419
File C:\Users\abbas\PycharmProjects\PowerGrow\venv\Lib\site-packages\django\views\generic\__init__.py first seen with mtime 1721411983.5389502
File C:\Users\abbas\PycharmProjects\PowerGrow\venv\Lib\site-packages\django\dispatch\dispatcher.py first seen with mtime 1721411983.246745
File C:\Users\abbas\PycharmProjects\PowerGrow\venv\Lib\site-packages\django\core\checks\translation.py first seen with mtime 1721411983.062559
File C:\Users\abbas\PycharmProjects\PowerGrow\venv\Lib\site-packages\django\views\static.py first seen with mtime 1721411983.5293684
File C:\Users\abbas\AppData\Local\Programs\Python\Python39\Lib\importlib\machinery.py first seen with mtime 1652793310.0
File C:\Users\abbas\AppData\Local\Programs\Python\Python39\Lib\functools.py first seen with mtime 1652793310.0
File C:\Users\abbas\PycharmProjects\PowerGrow\venv\Lib\site-packages\django\forms\fields.py first seen with mtime 1721411983.2513666
File C:\Users\abbas\AppData\Local\Programs\Python\Python39\Lib\hashlib.py first seen with mtime 1652793310.0
File C:\Users\abbas\PycharmProjects\PowerGrow\venv\Lib\site-packages\django\db\models\fields\related_descriptors.py first seen with mtime 1721411983.2248566
File C:\Users\abbas\PycharmProjects\PowerGrow\venv\Lib\site-packages\django\core\checks\database.py first seen with mtime 1721411983.0563722
File C:\Users\abbas\AppData\Local\Programs\Python\Python39\Lib\copyreg.py first seen with mtime 1652793310.0
File C:\Users\abbas\PycharmProjects\PowerGrow\venv\Lib\site-packages\django\core\management\base.py first seen with mtime 1721411983.0942054
File C:\Users\abbas\AppData\Local\Programs\Python\Python39\Lib\logging\handlers.py first seen with mtime 1652793310.0
File C:\Users\abbas\AppData\Local\Programs\Python\Python39\Lib\hmac.py first seen with mtime 1652793310.0
File C:\Users\abbas\AppData\Local\Programs\Python\Python39\Lib\asyncio\base_subprocess.py first seen with mtime 1652793310.0
File C:\Users\abbas\PycharmProjects\PowerGrow\venv\Lib\site-packages\django\db\__init__.py first seen with mtime 1721411983.1298015
File C:\Users\abbas\PycharmProjects\PowerGrow\venv\Lib\site-packages\django\contrib\auth\checks.py first seen with mtime 1721411979.8470786
File C:\Users\abbas\PycharmProjects\PowerGrow\venv\Lib\site-packages\django\contrib\messages\storage\base.py first seen with mtime 1721411981.4153244
File C:\Users\abbas\PycharmProjects\PowerGrow\venv\Lib\site-packages\django\db\models\sql\datastructures.py first seen with mtime 1721411983.239266
File C:\Users\abbas\AppData\Local\Programs\Python\Python39\Lib\wsgiref\__init__.py first seen with mtime 1652793312.0
File C:\Users\abbas\PycharmProjects\PowerGrow\venv\Lib\site-packages\django\contrib\admin\utils.py first seen with mtime 1721411978.979511
File C:\Users\abbas\AppData\Local\Programs\Python\Python39\Lib\email\_policybase.py first seen with mtime 1652793310.0
File C:\Users\abbas\PycharmProjects\PowerGrow\venv\Lib\site-packages\django\template\utils.py first seen with mtime 1721411983.4408662
File C:\Users\abbas\PycharmProjects\PowerGrow\venv\Lib\site-packages\django\db\models\fields\related_lookups.py first seen with mtime 1721411983.2258952
File C:\Users\abbas\PycharmProjects\PowerGrow\venv\Lib\site-packages\django\template\backends\django.py first seen with mtime 1721411983.4445329
File C:\Users\abbas\PycharmProjects\PowerGrow\venv\Lib\site-packages\django\db\migrations\utils.py first seen with mtime 1721411983.194615
File C:\Users\abbas\PycharmProjects\PowerGrow\manage.py first seen with mtime 1707776353.426356
File C:\Users\abbas\AppData\Local\Programs\Python\Python39\Lib\concurrent\__init__.py first seen with mtime 1652793310.0
File C:\Users\abbas\PycharmProjects\PowerGrow\venv\Lib\site-packages\colorama\initialise.py first seen with mtime 1721411960.8281128
File C:\Users\abbas\PycharmProjects\PowerGrow\venv\Lib\site-packages\django\conf\__init__.py first seen with mtime 1721411978.5791216
File C:\Users\abbas\AppData\Local\Programs\Python\Python39\Lib\email\utils.py first seen with mtime 1652793310.0
File C:\Users\abbas\PycharmProjects\PowerGrow\venv\Lib\site-packages\django\core\checks\security\csrf.py first seen with mtime 1721411983.067346
File C:\Users\abbas\PycharmProjects\PowerGrow\venv\Lib\site-packages\django\middleware\__init__.py first seen with mtime 1721411983.4181354
File C:\Users\abbas\AppData\Local\Programs\Python\Python39\Lib\encodings\aliases.py first seen with mtime 1652793310.0
File C:\Users\abbas\PycharmProjects\PowerGrow\venv\Lib\site-packages\django\core\checks\registry.py first seen with mtime 1721411983.0605059
File C:\Users\abbas\AppData\Local\Programs\Python\Python39\DLLs\_overlapped.pyd first seen with mtime 1652793362.0
File C:\Users\abbas\PycharmProjects\PowerGrow\venv\Lib\site-packages\django\conf\urls\__init__.py first seen with mtime 1721411978.9626665
File C:\Users\abbas\PycharmProjects\PowerGrow\venv\Lib\site-packages\django\db\models\base.py first seen with mtime 1721411983.2039616
File C:\Users\abbas\AppData\Local\Programs\Python\Python39\DLLs\select.pyd first seen with mtime 1652793362.0
File C:\Users\abbas\AppData\Local\Programs\Python\Python39\Lib\ssl.py first seen with mtime 1652793310.0
File C:\Users\abbas\AppData\Local\Programs\Python\Python39\Lib\base64.py first seen with mtime 1652793310.0
File C:\Users\abbas\PycharmProjects\PowerGrow\venv\Lib\site-packages\typing_extensions.py first seen with mtime 1721412098.6997893
File C:\Users\abbas\PycharmProjects\PowerGrow\venv\Lib\site-packages\django\middleware\cache.py first seen with mtime 1721411983.4181354
File C:\Users\abbas\AppData\Local\Programs\Python\Python39\Lib\email\mime\nonmultipart.py first seen with mtime 1652793310.0
File C:\Users\abbas\AppData\Local\Programs\Python\Python39\Lib\email\parser.py first seen with mtime 1652793310.0
File C:\Users\abbas\AppData\Local\Programs\Python\Python39\Lib\posixpath.py first seen with mtime 1652793310.0
File C:\Users\abbas\AppData\Local\Programs\Python\Python39\Lib\argparse.py first seen with mtime 1652793310.0
File C:\Users\abbas\PycharmProjects\PowerGrow\venv\Lib\site-packages\django\core\handlers\exception.py first seen with mtime 1721411983.0831826
File C:\Users\abbas\PycharmProjects\PowerGrow\venv\Lib\site-packages\django\dispatch\__init__.py first seen with mtime 1721411983.2457366
File C:\Users\abbas\PycharmProjects\PowerGrow\venv\Lib\site-packages\django\utils\termcolors.py first seen with mtime 1721411983.5098486
File C:\Users\abbas\PycharmProjects\PowerGrow\venv\Lib\site-packages\django\core\serializers\json.py first seen with mtime 1721411983.1226375
File C:\Users\abbas\AppData\Local\Programs\Python\Python39\Lib\asyncio\coroutines.py first seen with mtime 1652793310.0
File C:\Users\abbas\PycharmProjects\PowerGrow\venv\Lib\site-packages\django\utils\log.py first seen with mtime 1721411983.5039704
File C:\Users\abbas\PycharmProjects\PowerGrow\venv\Lib\site-packages\rest_framework\apps.py first seen with mtime 1721412018.2309766
File C:\Users\abbas\AppData\Local\Programs\Python\Python39\Lib\asyncio\base_futures.py first seen with mtime 1652793310.0
File C:\Users\abbas\AppData\Local\Programs\Python\Python39\Lib\site.py first seen with mtime 1652793310.0
File C:\Users\abbas\PycharmProjects\PowerGrow\venv\Lib\site-packages\django\views\generic\dates.py first seen with mtime 1721411983.5403287
File C:\Users\abbas\PycharmProjects\PowerGrow\venv\Lib\site-packages\django\template\loaders\cached.py first seen with mtime 1721411983.4506805
File C:\Users\abbas\AppData\Local\Programs\Python\Python39\Lib\email\feedparser.py first seen with mtime 1652793310.0
File C:\Users\abbas\AppData\Local\Programs\Python\Python39\Lib\wsgiref\simple_server.py first seen with mtime 1652793312.0
File C:\Users\abbas\PycharmProjects\PowerGrow\venv\Lib\site-packages\django\core\checks\__init__.py first seen with mtime 1721411983.0538197
File C:\Users\abbas\AppData\Local\Programs\Python\Python39\Lib\keyword.py first seen with mtime 1652793310.0
File C:\Users\abbas\AppData\Local\Programs\Python\Python39\DLLs\_hashlib.pyd first seen with mtime 1652793362.0
File C:\Users\abbas\PycharmProjects\PowerGrow\venv\Lib\site-packages\django\contrib\auth\management\__init__.py first seen with mtime 1721411980.081658
File C:\Users\abbas\PycharmProjects\PowerGrow\venv\Lib\site-packages\django\utils\http.py first seen with mtime 1721411983.499318
File C:\Users\abbas\PycharmProjects\PowerGrow\venv\Lib\site-packages\django\utils\ipv6.py first seen with mtime 1721411983.5013182
File C:\Users\abbas\PycharmProjects\PowerGrow\venv\Lib\site-packages\django\contrib\auth\signals.py first seen with mtime 1721411979.8553283
File C:\Users\abbas\AppData\Local\Programs\Python\Python39\Lib\logging\config.py first seen with mtime 1652793310.0
File C:\Users\abbas\PycharmProjects\PowerGrow\venv\Lib\site-packages\django\urls\base.py first seen with mtime 1721411983.469233
File C:\Users\abbas\PycharmProjects\PowerGrow\venv\Lib\site-packages\django\views\generic\detail.py first seen with mtime 1721411983.541441
File C:\Users\abbas\PycharmProjects\PowerGrow\venv\Lib\site-packages\django\utils\regex_helper.py first seen with mtime 1721411983.5077825
File C:\Users\abbas\PycharmProjects\PowerGrow\venv\Lib\site-packages\django\contrib\sessions\apps.py first seen with mtime 1721411982.5328534
File C:\Users\abbas\PycharmProjects\PowerGrow\venv\Lib\site-packages\django\core\handlers\__init__.py first seen with mtime 1721411983.0796874
File C:\Users\abbas\PycharmProjects\PowerGrow\venv\Lib\site-packages\django\views\i18n.py first seen with mtime 1721411983.5283027
File C:\Users\abbas\PycharmProjects\PowerGrow\venv\Lib\site-packages\django\contrib\messages\constants.py first seen with mtime 1721411981.4107711
File C:\Users\abbas\PycharmProjects\PowerGrow\venv\Lib\site-packages\django\template\backends\base.py first seen with mtime 1721411983.4435248
File C:\Users\abbas\PycharmProjects\PowerGrow\venv\Lib\site-packages\asgiref\local.py first seen with mtime 1721411948.673413
File C:\Users\abbas\PycharmProjects\PowerGrow\venv\Lib\site-packages\django\db\models\functions\datetime.py first seen with mtime 1721411983.2305708
File C:\Users\abbas\PycharmProjects\PowerGrow\venv\Lib\site-packages\django\template\defaultfilters.py first seen with mtime 1721411983.4324431
File C:\Users\abbas\PycharmProjects\PowerGrow\venv\Lib\site-packages\django\contrib\admin\templatetags\admin_urls.py first seen with mtime 1721411979.6358068
File C:\Users\abbas\AppData\Local\Programs\Python\Python39\Lib\email\_encoded_words.py first seen with mtime 1652793310.0
File C:\Users\abbas\AppData\Local\Programs\Python\Python39\Lib\_weakrefset.py first seen with mtime 1652793310.0
File C:\Users\abbas\AppData\Local\Programs\Python\Python39\Lib\getpass.py first seen with mtime 1652793310.0
File C:\Users\abbas\PycharmProjects\PowerGrow\venv\Lib\site-packages\django\core\exceptions.py first seen with mtime 1721411983.0385678
File C:\Users\abbas\AppData\Local\Programs\Python\Python39\Lib\asyncio\futures.py first seen with mtime 1652793310.0
File C:\Users\abbas\PycharmProjects\PowerGrow\venv\Lib\site-packages\asgiref\sync.py first seen with mtime 1721411948.6774206
File C:\Users\abbas\PycharmProjects\PowerGrow\venv\Lib\site-packages\django\db\models\query_utils.py first seen with mtime 1721411983.215458
File C:\Users\abbas\AppData\Local\Programs\Python\Python39\Lib\json\scanner.py first seen with mtime 1652793310.0
File C:\Users\abbas\PycharmProjects\PowerGrow\venv\Lib\site-packages\django\core\signals.py first seen with mtime 1721411983.0418446
File C:\Users\abbas\AppData\Local\Programs\Python\Python39\DLLs\_ssl.pyd first seen with mtime 1652793362.0
File C:\Users\abbas\AppData\Local\Programs\Python\Python39\Lib\difflib.py first seen with mtime 1652793310.0
File C:\Users\abbas\AppData\Local\Programs\Python\Python39\Lib\asyncio\sslproto.py first seen with mtime 1652793310.0
File C:\Users\abbas\AppData\Local\Programs\Python\Python39\Lib\http\cookies.py first seen with mtime 1652793310.0
File C:\Users\abbas\PycharmProjects\PowerGrow\venv\Lib\site-packages\_distutils_hack\__init__.py first seen with mtime 1721411929.2367558
File C:\Users\abbas\PycharmProjects\PowerGrow\venv\Lib\site-packages\django\core\management\color.py first seen with mtime 1721411983.0942054
File C:\Users\abbas\PycharmProjects\PowerGrow\venv\Lib\site-packages\django\contrib\auth\__init__.py first seen with mtime 1721411979.84354
File C:\Users\abbas\AppData\Local\Programs\Python\Python39\Lib\importlib\__init__.py first seen with mtime 1652793310.0
File C:\Users\abbas\PycharmProjects\PowerGrow\venv\Lib\site-packages\django\core\cache\backends\__init__.py first seen with mtime 1721411983.0462544
File C:\Users\abbas\PycharmProjects\PowerGrow\venv\Lib\site-packages\django\views\__init__.py first seen with mtime 1721411983.5242505
File C:\Users\abbas\PycharmProjects\PowerGrow\venv\Lib\site-packages\django\db\models\constants.py first seen with mtime 1721411983.2039616
File C:\Users\abbas\PycharmProjects\PowerGrow\venv\Lib\site-packages\django\db\models\constraints.py first seen with mtime 1721411983.20583
File C:\Users\abbas\PycharmProjects\PowerGrow\venv\Lib\site-packages\django\contrib\admin\actions.py first seen with mtime 1721411978.9682105
File C:\Users\abbas\PycharmProjects\PowerGrow\venv\Lib\site-packages\django\core\mail\message.py first seen with mtime 1721411983.0854173
File C:\Users\abbas\AppData\Local\Programs\Python\Python39\Lib\ipaddress.py first seen with mtime 1652793310.0
File C:\Users\abbas\AppData\Local\Programs\Python\Python39\Lib\html\parser.py first seen with mtime 1652793310.0
File C:\Users\abbas\PycharmProjects\PowerGrow\venv\Lib\site-packages\django\core\files\locks.py first seen with mtime 1721411983.0697296
File C:\Users\abbas\AppData\Local\Programs\Python\Python39\Lib\signal.py first seen with mtime 1652793310.0
File C:\Users\abbas\AppData\Local\Programs\Python\Python39\Lib\zoneinfo\__init__.py first seen with mtime 1652793312.0
File C:\Users\abbas\PycharmProjects\PowerGrow\venv\Lib\site-packages\django\db\migrations\operations\fields.py first seen with mtime 1721411983.1980097
File C:\Users\abbas\PycharmProjects\PowerGrow\venv\Lib\site-packages\django\core\checks\messages.py first seen with mtime 1721411983.0583825
File C:\Users\abbas\PycharmProjects\PowerGrow\venv\Lib\site-packages\django\utils\dateformat.py first seen with mtime 1721411983.484478
File C:\Users\abbas\AppData\Local\Programs\Python\Python39\Lib\genericpath.py first seen with mtime 1652793310.0
File C:\Users\abbas\PycharmProjects\PowerGrow\venv\Lib\site-packages\django\conf\global_settings.py first seen with mtime 1721411978.5802908
File C:\Users\abbas\PycharmProjects\PowerGrow\venv\Lib\site-packages\django\core\servers\__init__.py first seen with mtime 1721411983.1271434
File C:\Users\abbas\PycharmProjects\PowerGrow\venv\Lib\site-packages\django\utils\decorators.py first seen with mtime 1721411983.4899504
File C:\Users\abbas\PycharmProjects\PowerGrow\venv\Lib\site-packages\django\core\files\base.py first seen with mtime 1721411983.0684292
File C:\Users\abbas\PycharmProjects\PowerGrow\venv\Lib\site-packages\django\template\loaders\app_directories.py first seen with mtime 1721411983.4486346
File C:\Users\abbas\PycharmProjects\PowerGrow\venv\Lib\site-packages\django\template\library.py first seen with mtime 1721411983.4363832
File C:\Users\abbas\PycharmProjects\PowerGrow\venv\Lib\site-packages\django\core\files\storage\base.py first seen with mtime 1721411983.0766213
File C:\Users\abbas\PycharmProjects\PowerGrow\venv\Lib\site-packages\django\core\files\move.py first seen with mtime 1721411983.071116
File C:\Users\abbas\PycharmProjects\PowerGrow\venv\Lib\site-packages\django\core\checks\security\sessions.py first seen with mtime 1721411983.067346
File C:\Users\abbas\AppData\Local\Programs\Python\Python39\Lib\asyncio\log.py first seen with mtime 1652793310.0
File C:\Users\abbas\PycharmProjects\PowerGrow\venv\Lib\site-packages\django\template\engine.py first seen with mtime 1721411983.4351382
File C:\Users\abbas\AppData\Local\Programs\Python\Python39\Lib\uu.py first seen with mtime 1652793312.0
File C:\Users\abbas\PycharmProjects\PowerGrow\venv\Lib\site-packages\django\db\migrations\state.py first seen with mtime 1721411983.1936069
File C:\Users\abbas\AppData\Local\Programs\Python\Python39\Lib\zoneinfo\_tzpath.py first seen with mtime 1652793312.0
File C:\Users\abbas\AppData\Local\Programs\Python\Python39\Lib\ctypes\wintypes.py first seen with mtime 1652793310.0
File C:\Users\abbas\AppData\Local\Programs\Python\Python39\Lib\email\mime\base.py first seen with mtime 1652793310.0
File C:\Users\abbas\AppData\Local\Programs\Python\Python39\Lib\dis.py first seen with mtime 1652793310.0
File C:\Users\abbas\AppData\Local\Programs\Python\Python39\Lib\html\entities.py first seen with mtime 1652793310.0
File C:\Users\abbas\PycharmProjects\PowerGrow\venv\Lib\site-packages\django\views\generic\edit.py first seen with mtime 1721411983.5424554
File C:\Users\abbas\PycharmProjects\PowerGrow\venv\Lib\site-packages\django\utils\translation\__init__.py first seen with mtime 1721411983.5189412
File C:\Users\abbas\AppData\Local\Programs\Python\Python39\Lib\threading.py first seen with mtime 1652793312.0
File C:\Users\abbas\AppData\Local\Programs\Python\Python39\Lib\enum.py first seen with mtime 1652793310.0
File C:\Users\abbas\AppData\Local\Programs\Python\Python39\Lib\asyncio\base_events.py first seen with mtime 1652793310.0
File C:\Users\abbas\PycharmProjects\PowerGrow\venv\Lib\site-packages\django\db\models\functions\window.py first seen with mtime 1721411983.2338479
File C:\Users\abbas\AppData\Local\Programs\Python\Python39\Lib\urllib\__init__.py first seen with mtime 1652793312.0
File C:\Users\abbas\AppData\Local\Programs\Python\Python39\Lib\sre_compile.py first seen with mtime 1652793310.0
File C:\Users\abbas\AppData\Local\Programs\Python\Python39\Lib\pkgutil.py first seen with mtime 1652793310.0
File C:\Users\abbas\PycharmProjects\PowerGrow\venv\Lib\site-packages\django\utils\module_loading.py first seen with mtime 1721411983.5062935
File C:\Users\abbas\AppData\Local\Programs\Python\Python39\Lib\http\server.py first seen with mtime 1652793310.0
File C:\Users\abbas\AppData\Local\Programs\Python\Python39\Lib\importlib\abc.py first seen with mtime 1652793310.0
File C:\Users\abbas\PycharmProjects\PowerGrow\venv\Lib\site-packages\django\db\models\sql\__init__.py first seen with mtime 1721411983.2359126
File C:\Users\abbas\AppData\Local\Programs\Python\Python39\Lib\numbers.py first seen with mtime 1652793310.0
File C:\Users\abbas\PycharmProjects\PowerGrow\venv\Lib\site-packages\django\__init__.py first seen with mtime 1721411978.574061
File C:\Users\abbas\PycharmProjects\PowerGrow\venv\Lib\site-packages\django\db\models\aggregates.py first seen with mtime 1721411983.202936
File C:\Users\abbas\PycharmProjects\PowerGrow\templates\manager first seen with mtime 1721274248.6473196
File C:\Users\abbas\PycharmProjects\PowerGrow\templates\public first seen with mtime 1719466503.0106792
File C:\Users\abbas\PycharmProjects\PowerGrow\templates\secretary first seen with mtime 1719914439.0480392
File C:\Users\abbas\PycharmProjects\PowerGrow\templates\teacher first seen with mtime 1721269315.8053513
File C:\Users\abbas\PycharmProjects\PowerGrow\templates\user first seen with mtime 1717296620.0627663
File C:\Users\abbas\PycharmProjects\PowerGrow\templates\manager\banners.html first seen with mtime 1713655989.5604186
File C:\Users\abbas\PycharmProjects\PowerGrow\templates\manager\calendar.html first seen with mtime 1716860416.1102154
File C:\Users\abbas\PycharmProjects\PowerGrow\templates\manager\courses.html first seen with mtime 1721273103.4417717
File C:\Users\abbas\PycharmProjects\PowerGrow\templates\manager\dashboard.html first seen with mtime 1707776353.5520904
File C:\Users\abbas\PycharmProjects\PowerGrow\templates\manager\days.html first seen with mtime 1716861622.7407217
File C:\Users\abbas\PycharmProjects\PowerGrow\templates\manager\gym.html first seen with mtime 1717170261.11005
File C:\Users\abbas\PycharmProjects\PowerGrow\templates\manager\list.html first seen with mtime 1721269699.7489424
File C:\Users\abbas\PycharmProjects\PowerGrow\templates\manager\news.html first seen with mtime 1720029711.7156653
File C:\Users\abbas\PycharmProjects\PowerGrow\templates\manager\price.html first seen with mtime 1717170388.5789716
File C:\Users\abbas\PycharmProjects\PowerGrow\templates\manager\reserves.html first seen with mtime 1721274248.6456027
File C:\Users\abbas\PycharmProjects\PowerGrow\templates\manager\sessions.html first seen with mtime 1717169369.9459007
File C:\Users\abbas\PycharmProjects\PowerGrow\templates\manager\sports.html first seen with mtime 1713655989.544794
File C:\Users\abbas\PycharmProjects\PowerGrow\templates\manager\users.html first seen with mtime 1717251761.0845466
File C:\Users\abbas\PycharmProjects\PowerGrow\templates\public\about.html first seen with mtime 1715531946.7790854
File C:\Users\abbas\PycharmProjects\PowerGrow\templates\public\base.html first seen with mtime 1717206073.378108
File C:\Users\abbas\PycharmProjects\PowerGrow\templates\public\category.html first seen with mtime 1715531818.2404957
File C:\Users\abbas\PycharmProjects\PowerGrow\templates\public\check.html first seen with mtime 1717207756.1031802
File C:\Users\abbas\PycharmProjects\PowerGrow\templates\public\error.html first seen with mtime 1707776353.5520904
File C:\Users\abbas\PycharmProjects\PowerGrow\templates\public\failed.html first seen with mtime 1707776353.5677102
File C:\Users\abbas\PycharmProjects\PowerGrow\templates\public\forget.html first seen with mtime 1717164132.6128116
File C:\Users\abbas\PycharmProjects\PowerGrow\templates\public\home.html first seen with mtime 1715371891.3757687
File C:\Users\abbas\PycharmProjects\PowerGrow\templates\public\login.html first seen with mtime 1715531818.2305791
File C:\Users\abbas\PycharmProjects\PowerGrow\templates\public\password.html first seen with mtime 1717164467.7181845
File C:\Users\abbas\PycharmProjects\PowerGrow\templates\public\payment.html first seen with mtime 1707776353.5677102
File C:\Users\abbas\PycharmProjects\PowerGrow\templates\public\product.html first seen with mtime 1719466503.0106792
File C:\Users\abbas\PycharmProjects\PowerGrow\templates\public\profile.html first seen with mtime 1717074818.442047
File C:\Users\abbas\PycharmProjects\PowerGrow\templates\public\register.html first seen with mtime 1715792609.363514
File C:\Users\abbas\PycharmProjects\PowerGrow\templates\public\reservation.html first seen with mtime 1717201653.1710773
File C:\Users\abbas\PycharmProjects\PowerGrow\templates\public\successful.html first seen with mtime 1717207756.120003
File C:\Users\abbas\PycharmProjects\PowerGrow\templates\public\transaction.html first seen with mtime 1717204547.9932928
File C:\Users\abbas\PycharmProjects\PowerGrow\templates\public\verification.html first seen with mtime 1717164249.0376875
File C:\Users\abbas\PycharmProjects\PowerGrow\templates\secretary\courses.html first seen with mtime 1717255363.4303691
File C:\Users\abbas\PycharmProjects\PowerGrow\templates\secretary\dashboard.html first seen with mtime 1707776353.58333
File C:\Users\abbas\PycharmProjects\PowerGrow\templates\secretary\days.html first seen with mtime 1713655989.6385214
File C:\Users\abbas\PycharmProjects\PowerGrow\templates\secretary\gyms.html first seen with mtime 1717255032.1116698
File C:\Users\abbas\PycharmProjects\PowerGrow\templates\secretary\news.html first seen with mtime 1719914439.0480392
File C:\Users\abbas\PycharmProjects\PowerGrow\templates\secretary\reserves.html first seen with mtime 1717254770.4410512
File C:\Users\abbas\PycharmProjects\PowerGrow\templates\secretary\sessions.html first seen with mtime 1713655989.6541426
File C:\Users\abbas\PycharmProjects\PowerGrow\templates\secretary\sports.html first seen with mtime 1713655989.5604186
File C:\Users\abbas\PycharmProjects\PowerGrow\templates\secretary\users.html first seen with mtime 1717254901.5507164
File C:\Users\abbas\PycharmProjects\PowerGrow\templates\teacher\calendar.html first seen with mtime 1717294268.6455176
File C:\Users\abbas\PycharmProjects\PowerGrow\templates\teacher\courses.html first seen with mtime 1717100440.2409415
File C:\Users\abbas\PycharmProjects\PowerGrow\templates\teacher\dashboard.html first seen with mtime 1717011287.4621463
File C:\Users\abbas\PycharmProjects\PowerGrow\templates\teacher\salary.html first seen with mtime 1719914356.8983772
File C:\Users\abbas\PycharmProjects\PowerGrow\templates\teacher\users.html first seen with mtime 1721269315.7897265
File C:\Users\abbas\PycharmProjects\PowerGrow\templates\user\calendar.html first seen with mtime 1717296620.0627663
File C:\Users\abbas\PycharmProjects\PowerGrow\templates\user\course.html first seen with mtime 1717010093.1517298
File C:\Users\abbas\PycharmProjects\PowerGrow\templates\user\dashboard.html first seen with mtime 1717294965.0992186
File C:\Users\abbas\PycharmProjects\PowerGrow\templates\user\gym.html first seen with mtime 1707776353.58333
File C:\Users\abbas\PycharmProjects\PowerGrow\templates\user\product.html first seen with mtime 1707776353.58333
File C:\Users\abbas\PycharmProjects\PowerGrow\templates\user\reserves.html first seen with mtime 1717201088.5217652
